[0.146s] Invoking command in '/home/user/Documents/bizon_navigation/build/faraday_parking': CMAKE_PREFIX_PATH=${CMAKE_PREFIX_PATH}:/opt/ros/humble /usr/bin/cmake --build /home/user/Documents/bizon_navigation/build/faraday_parking -- -j16 -l16
[0.175s] Invoked command in '/home/user/Documents/bizon_navigation/build/faraday_parking' returned '0': CMAKE_PREFIX_PATH=${CMAKE_PREFIX_PATH}:/opt/ros/humble /usr/bin/cmake --build /home/user/Documents/bizon_navigation/build/faraday_parking -- -j16 -l16
[0.211s] Invoking command in '/home/user/Documents/bizon_navigation/build/faraday_parking': CMAKE_PREFIX_PATH=${CMAKE_PREFIX_PATH}:/opt/ros/humble /usr/bin/cmake --install /home/user/Documents/bizon_navigation/build/faraday_parking
[0.215s] -- Install configuration: ""
[0.215s] -- Up-to-date: /home/user/Documents/bizon_navigation/install/faraday_parking/share/faraday_parking/launch
[0.215s] -- Up-to-date: /home/user/Documents/bizon_navigation/install/faraday_parking/share/faraday_parking/launch/load_empty_world.py
[0.215s] -- Up-to-date: /home/user/Documents/bizon_navigation/install/faraday_parking/share/faraday_parking/worlds
[0.215s] -- Up-to-date: /home/user/Documents/bizon_navigation/install/faraday_parking/share/faraday_parking/worlds/empty_world.world
[0.215s] -- Up-to-date: /home/user/Documents/bizon_navigation/install/faraday_parking/share/faraday_parking/worlds/competition_track.world
[0.216s] -- Up-to-date: /home/user/Documents/bizon_navigation/install/faraday_parking/share/faraday_parking/models
[0.216s] -- Up-to-date: /home/user/Documents/bizon_navigation/install/faraday_parking/share/faraday_parking/models/custom_ground_plane
[0.216s] -- Up-to-date: /home/user/Documents/bizon_navigation/install/faraday_parking/share/faraday_parking/models/custom_ground_plane/materials
[0.216s] -- Up-to-date: /home/user/Documents/bizon_navigation/install/faraday_parking/share/faraday_parking/models/custom_ground_plane/materials/scripts
[0.216s] -- Up-to-date: /home/user/Documents/bizon_navigation/install/faraday_parking/share/faraday_parking/models/custom_ground_plane/materials/scripts/parking.material
[0.216s] -- Up-to-date: /home/user/Documents/bizon_navigation/install/faraday_parking/share/faraday_parking/models/custom_ground_plane/materials/scripts/floor.material
[0.216s] -- Up-to-date: /home/user/Documents/bizon_navigation/install/faraday_parking/share/faraday_parking/models/custom_ground_plane/materials/textures
[0.216s] -- Up-to-date: /home/user/Documents/bizon_navigation/install/faraday_parking/share/faraday_parking/models/custom_ground_plane/materials/textures/floor.png
[0.216s] -- Up-to-date: /home/user/Documents/bizon_navigation/install/faraday_parking/share/faraday_parking/models/custom_ground_plane/materials/textures/parking.png
[0.216s] -- Up-to-date: /home/user/Documents/bizon_navigation/install/faraday_parking/share/faraday_parking/models/custom_ground_plane/materials/textures/copy of floor_svg.svg
[0.216s] -- Up-to-date: /home/user/Documents/bizon_navigation/install/faraday_parking/share/faraday_parking/models/custom_ground_plane/materials/textures/floor_svg.svg
[0.216s] -- Up-to-date: /home/user/Documents/bizon_navigation/install/faraday_parking/share/faraday_parking/models/custom_ground_plane/materials/textures/floor_resized.png
[0.216s] -- Up-to-date: /home/user/Documents/bizon_navigation/install/faraday_parking/share/faraday_parking/models/faraday_test
[0.216s] -- Up-to-date: /home/user/Documents/bizon_navigation/install/faraday_parking/share/faraday_parking/models/faraday_test/meshes
[0.216s] -- Up-to-date: /home/user/Documents/bizon_navigation/install/faraday_parking/share/faraday_parking/models/faraday_test/meshes/faraday_test.dae
[0.216s] -- Up-to-date: /home/user/Documents/bizon_navigation/install/faraday_parking/share/faraday_parking/models/faraday_test/model.sdf
[0.217s] -- Up-to-date: /home/user/Documents/bizon_navigation/install/faraday_parking/share/faraday_parking/models/faraday_test/materials
[0.217s] -- Up-to-date: /home/user/Documents/bizon_navigation/install/faraday_parking/share/faraday_parking/models/faraday_test/materials/scripts
[0.217s] -- Up-to-date: /home/user/Documents/bizon_navigation/install/faraday_parking/share/faraday_parking/models/faraday_test/materials/scripts/faraday_test.material
[0.217s] -- Up-to-date: /home/user/Documents/bizon_navigation/install/faraday_parking/share/faraday_parking/models/faraday_test/materials/textures
[0.217s] -- Up-to-date: /home/user/Documents/bizon_navigation/install/faraday_parking/share/faraday_parking/models/faraday_test/materials/textures/faraday_test.png
[0.217s] -- Up-to-date: /home/user/Documents/bizon_navigation/install/faraday_parking/share/faraday_parking/models/faraday_test/model.config
[0.217s] -- Up-to-date: /home/user/Documents/bizon_navigation/install/faraday_parking/share/faraday_parking/models/ground_plane_rc
[0.217s] -- Up-to-date: /home/user/Documents/bizon_navigation/install/faraday_parking/share/faraday_parking/models/ground_plane_rc/model.sdf
[0.217s] -- Up-to-date: /home/user/Documents/bizon_navigation/install/faraday_parking/share/faraday_parking/models/ground_plane_rc/materials
[0.217s] -- Up-to-date: /home/user/Documents/bizon_navigation/install/faraday_parking/share/faraday_parking/models/ground_plane_rc/materials/scripts
[0.217s] -- Up-to-date: /home/user/Documents/bizon_navigation/install/faraday_parking/share/faraday_parking/models/ground_plane_rc/materials/scripts/ground_plane_rc.material
[0.217s] -- Up-to-date: /home/user/Documents/bizon_navigation/install/faraday_parking/share/faraday_parking/models/ground_plane_rc/materials/textures
[0.217s] -- Up-to-date: /home/user/Documents/bizon_navigation/install/faraday_parking/share/faraday_parking/models/ground_plane_rc/materials/textures/ground_plane_rc.png
[0.218s] -- Up-to-date: /home/user/Documents/bizon_navigation/install/faraday_parking/share/faraday_parking/models/ground_plane_rc/model.config
[0.218s] -- Up-to-date: /home/user/Documents/bizon_navigation/install/faraday_parking/share/ament_index/resource_index/package_run_dependencies/faraday_parking
[0.218s] -- Up-to-date: /home/user/Documents/bizon_navigation/install/faraday_parking/share/ament_index/resource_index/parent_prefix_path/faraday_parking
[0.218s] -- Up-to-date: /home/user/Documents/bizon_navigation/install/faraday_parking/share/faraday_parking/environment/ament_prefix_path.sh
[0.218s] -- Up-to-date: /home/user/Documents/bizon_navigation/install/faraday_parking/share/faraday_parking/environment/ament_prefix_path.dsv
[0.218s] -- Up-to-date: /home/user/Documents/bizon_navigation/install/faraday_parking/share/faraday_parking/environment/path.sh
[0.218s] -- Up-to-date: /home/user/Documents/bizon_navigation/install/faraday_parking/share/faraday_parking/environment/path.dsv
[0.218s] -- Up-to-date: /home/user/Documents/bizon_navigation/install/faraday_parking/share/faraday_parking/local_setup.bash
[0.218s] -- Up-to-date: /home/user/Documents/bizon_navigation/install/faraday_parking/share/faraday_parking/local_setup.sh
[0.219s] -- Up-to-date: /home/user/Documents/bizon_navigation/install/faraday_parking/share/faraday_parking/local_setup.zsh
[0.219s] -- Up-to-date: /home/user/Documents/bizon_navigation/install/faraday_parking/share/faraday_parking/local_setup.dsv
[0.219s] -- Installing: /home/user/Documents/bizon_navigation/install/faraday_parking/share/faraday_parking/package.dsv
[0.220s] -- Up-to-date: /home/user/Documents/bizon_navigation/install/faraday_parking/share/ament_index/resource_index/packages/faraday_parking
[0.220s] -- Up-to-date: /home/user/Documents/bizon_navigation/install/faraday_parking/share/faraday_parking/cmake/faraday_parkingConfig.cmake
[0.220s] -- Up-to-date: /home/user/Documents/bizon_navigation/install/faraday_parking/share/faraday_parking/cmake/faraday_parkingConfig-version.cmake
[0.220s] -- Up-to-date: /home/user/Documents/bizon_navigation/install/faraday_parking/share/faraday_parking/package.xml
[0.241s] Invoked command in '/home/user/Documents/bizon_navigation/build/faraday_parking' returned '0': CMAKE_PREFIX_PATH=${CMAKE_PREFIX_PATH}:/opt/ros/humble /usr/bin/cmake --install /home/user/Documents/bizon_navigation/build/faraday_parking
