[0.178s] Invoking command in '/home/user/Documents/bizon_navigation/build/faraday_parking': CMAKE_PREFIX_PATH=/home/user/Documents/bizon_navigation/install/turtlebot3:/home/user/Documents/bizon_navigation/install/turtlebot3_simulations:/home/user/Documents/bizon_navigation/install/turtlebot3_bringup:/home/user/Documents/bizon_navigation/install/turtlebot3_node:/home/user/Documents/bizon_navigation/install/turtlebot3_navigation2:/home/user/Documents/bizon_navigation/install/turtlebot3_fake_node:/home/user/Documents/bizon_navigation/install/turtlebot3_msgs:/home/user/Documents/bizon_navigation/install/turtlebot3_teleop:/home/user/Documents/bizon_navigation/install/turtlebot3_example:/opt/ros/humble:/home/user/Documents/bizon_navigation/install/turtlebot3_gazebo:/home/user/Documents/bizon_navigation/install/turtlebot3_description:/home/user/Documents/bizon_navigation/install/turtlebot3_cartographer:/home/user/Documents/bizon_navigation/install/faraday_parking /usr/bin/cmake --build /home/user/Documents/bizon_navigation/build/faraday_parking -- -j16 -l16
[0.203s] Invoked command in '/home/user/Documents/bizon_navigation/build/faraday_parking' returned '0': CMAKE_PREFIX_PATH=/home/user/Documents/bizon_navigation/install/turtlebot3:/home/user/Documents/bizon_navigation/install/turtlebot3_simulations:/home/user/Documents/bizon_navigation/install/turtlebot3_bringup:/home/user/Documents/bizon_navigation/install/turtlebot3_node:/home/user/Documents/bizon_navigation/install/turtlebot3_navigation2:/home/user/Documents/bizon_navigation/install/turtlebot3_fake_node:/home/user/Documents/bizon_navigation/install/turtlebot3_msgs:/home/user/Documents/bizon_navigation/install/turtlebot3_teleop:/home/user/Documents/bizon_navigation/install/turtlebot3_example:/opt/ros/humble:/home/user/Documents/bizon_navigation/install/turtlebot3_gazebo:/home/user/Documents/bizon_navigation/install/turtlebot3_description:/home/user/Documents/bizon_navigation/install/turtlebot3_cartographer:/home/user/Documents/bizon_navigation/install/faraday_parking /usr/bin/cmake --build /home/user/Documents/bizon_navigation/build/faraday_parking -- -j16 -l16
[0.227s] Invoking command in '/home/user/Documents/bizon_navigation/build/faraday_parking': CMAKE_PREFIX_PATH=/home/user/Documents/bizon_navigation/install/turtlebot3:/home/user/Documents/bizon_navigation/install/turtlebot3_simulations:/home/user/Documents/bizon_navigation/install/turtlebot3_bringup:/home/user/Documents/bizon_navigation/install/turtlebot3_node:/home/user/Documents/bizon_navigation/install/turtlebot3_navigation2:/home/user/Documents/bizon_navigation/install/turtlebot3_fake_node:/home/user/Documents/bizon_navigation/install/turtlebot3_msgs:/home/user/Documents/bizon_navigation/install/turtlebot3_teleop:/home/user/Documents/bizon_navigation/install/turtlebot3_example:/opt/ros/humble:/home/user/Documents/bizon_navigation/install/turtlebot3_gazebo:/home/user/Documents/bizon_navigation/install/turtlebot3_description:/home/user/Documents/bizon_navigation/install/turtlebot3_cartographer:/home/user/Documents/bizon_navigation/install/faraday_parking /usr/bin/cmake --install /home/user/Documents/bizon_navigation/build/faraday_parking
[0.234s] -- Install configuration: ""
[0.234s] -- Up-to-date: /home/user/Documents/bizon_navigation/install/faraday_parking/share/faraday_parking/launch
[0.234s] -- Up-to-date: /home/user/Documents/bizon_navigation/install/faraday_parking/share/faraday_parking/launch/load_empty_world.py
[0.234s] -- Up-to-date: /home/user/Documents/bizon_navigation/install/faraday_parking/share/faraday_parking/worlds
[0.234s] -- Up-to-date: /home/user/Documents/bizon_navigation/install/faraday_parking/share/faraday_parking/worlds/empty_world.world
[0.234s] -- Up-to-date: /home/user/Documents/bizon_navigation/install/faraday_parking/share/faraday_parking/worlds/competition_track.world
[0.234s] -- Up-to-date: /home/user/Documents/bizon_navigation/install/faraday_parking/share/faraday_parking/models
[0.234s] -- Up-to-date: /home/user/Documents/bizon_navigation/install/faraday_parking/share/faraday_parking/models/custom_ground_plane
[0.234s] -- Up-to-date: /home/user/Documents/bizon_navigation/install/faraday_parking/share/faraday_parking/models/custom_ground_plane/materials
[0.234s] -- Up-to-date: /home/user/Documents/bizon_navigation/install/faraday_parking/share/faraday_parking/models/custom_ground_plane/materials/scripts
[0.234s] -- Up-to-date: /home/user/Documents/bizon_navigation/install/faraday_parking/share/faraday_parking/models/custom_ground_plane/materials/scripts/parking.material
[0.234s] -- Up-to-date: /home/user/Documents/bizon_navigation/install/faraday_parking/share/faraday_parking/models/custom_ground_plane/materials/scripts/floor.material
[0.234s] -- Up-to-date: /home/user/Documents/bizon_navigation/install/faraday_parking/share/faraday_parking/models/custom_ground_plane/materials/textures
[0.234s] -- Up-to-date: /home/user/Documents/bizon_navigation/install/faraday_parking/share/faraday_parking/models/custom_ground_plane/materials/textures/floor.png
[0.234s] -- Up-to-date: /home/user/Documents/bizon_navigation/install/faraday_parking/share/faraday_parking/models/custom_ground_plane/materials/textures/parking.png
[0.234s] -- Up-to-date: /home/user/Documents/bizon_navigation/install/faraday_parking/share/faraday_parking/models/custom_ground_plane/materials/textures/copy of floor_svg.svg
[0.234s] -- Up-to-date: /home/user/Documents/bizon_navigation/install/faraday_parking/share/faraday_parking/models/custom_ground_plane/materials/textures/floor_svg.svg
[0.234s] -- Up-to-date: /home/user/Documents/bizon_navigation/install/faraday_parking/share/faraday_parking/models/custom_ground_plane/materials/textures/floor_resized.png
[0.234s] -- Up-to-date: /home/user/Documents/bizon_navigation/install/faraday_parking/share/faraday_parking/models/faraday_test
[0.235s] -- Up-to-date: /home/user/Documents/bizon_navigation/install/faraday_parking/share/faraday_parking/models/faraday_test/meshes
[0.235s] -- Up-to-date: /home/user/Documents/bizon_navigation/install/faraday_parking/share/faraday_parking/models/faraday_test/meshes/faraday_test.dae
[0.235s] -- Up-to-date: /home/user/Documents/bizon_navigation/install/faraday_parking/share/faraday_parking/models/faraday_test/model.sdf
[0.235s] -- Up-to-date: /home/user/Documents/bizon_navigation/install/faraday_parking/share/faraday_parking/models/faraday_test/materials
[0.235s] -- Up-to-date: /home/user/Documents/bizon_navigation/install/faraday_parking/share/faraday_parking/models/faraday_test/materials/scripts
[0.235s] -- Up-to-date: /home/user/Documents/bizon_navigation/install/faraday_parking/share/faraday_parking/models/faraday_test/materials/scripts/faraday_test.material
[0.235s] -- Up-to-date: /home/user/Documents/bizon_navigation/install/faraday_parking/share/faraday_parking/models/faraday_test/materials/textures
[0.235s] -- Up-to-date: /home/user/Documents/bizon_navigation/install/faraday_parking/share/faraday_parking/models/faraday_test/materials/textures/faraday_test.png
[0.235s] -- Up-to-date: /home/user/Documents/bizon_navigation/install/faraday_parking/share/faraday_parking/models/faraday_test/model.config
[0.235s] -- Up-to-date: /home/user/Documents/bizon_navigation/install/faraday_parking/share/faraday_parking/models/ground_plane_rc
[0.235s] -- Installing: /home/user/Documents/bizon_navigation/install/faraday_parking/share/faraday_parking/models/ground_plane_rc/model.sdf
[0.235s] -- Up-to-date: /home/user/Documents/bizon_navigation/install/faraday_parking/share/faraday_parking/models/ground_plane_rc/materials
[0.235s] -- Up-to-date: /home/user/Documents/bizon_navigation/install/faraday_parking/share/faraday_parking/models/ground_plane_rc/materials/scripts
[0.235s] -- Up-to-date: /home/user/Documents/bizon_navigation/install/faraday_parking/share/faraday_parking/models/ground_plane_rc/materials/scripts/ground_plane_rc.material
[0.235s] -- Up-to-date: /home/user/Documents/bizon_navigation/install/faraday_parking/share/faraday_parking/models/ground_plane_rc/materials/textures
[0.235s] -- Up-to-date: /home/user/Documents/bizon_navigation/install/faraday_parking/share/faraday_parking/models/ground_plane_rc/materials/textures/ground_plane_rc.png
[0.236s] -- Up-to-date: /home/user/Documents/bizon_navigation/install/faraday_parking/share/faraday_parking/models/ground_plane_rc/model.config
[0.236s] -- Up-to-date: /home/user/Documents/bizon_navigation/install/faraday_parking/share/ament_index/resource_index/package_run_dependencies/faraday_parking
[0.236s] -- Up-to-date: /home/user/Documents/bizon_navigation/install/faraday_parking/share/ament_index/resource_index/parent_prefix_path/faraday_parking
[0.236s] -- Up-to-date: /home/user/Documents/bizon_navigation/install/faraday_parking/share/faraday_parking/environment/ament_prefix_path.sh
[0.236s] -- Up-to-date: /home/user/Documents/bizon_navigation/install/faraday_parking/share/faraday_parking/environment/ament_prefix_path.dsv
[0.236s] -- Up-to-date: /home/user/Documents/bizon_navigation/install/faraday_parking/share/faraday_parking/environment/path.sh
[0.236s] -- Up-to-date: /home/user/Documents/bizon_navigation/install/faraday_parking/share/faraday_parking/environment/path.dsv
[0.236s] -- Up-to-date: /home/user/Documents/bizon_navigation/install/faraday_parking/share/faraday_parking/local_setup.bash
[0.236s] -- Up-to-date: /home/user/Documents/bizon_navigation/install/faraday_parking/share/faraday_parking/local_setup.sh
[0.236s] -- Up-to-date: /home/user/Documents/bizon_navigation/install/faraday_parking/share/faraday_parking/local_setup.zsh
[0.236s] -- Up-to-date: /home/user/Documents/bizon_navigation/install/faraday_parking/share/faraday_parking/local_setup.dsv
[0.236s] -- Installing: /home/user/Documents/bizon_navigation/install/faraday_parking/share/faraday_parking/package.dsv
[0.236s] -- Up-to-date: /home/user/Documents/bizon_navigation/install/faraday_parking/share/ament_index/resource_index/packages/faraday_parking
[0.236s] -- Up-to-date: /home/user/Documents/bizon_navigation/install/faraday_parking/share/faraday_parking/cmake/faraday_parkingConfig.cmake
[0.236s] -- Up-to-date: /home/user/Documents/bizon_navigation/install/faraday_parking/share/faraday_parking/cmake/faraday_parkingConfig-version.cmake
[0.236s] -- Up-to-date: /home/user/Documents/bizon_navigation/install/faraday_parking/share/faraday_parking/package.xml
[0.263s] Invoked command in '/home/user/Documents/bizon_navigation/build/faraday_parking' returned '0': CMAKE_PREFIX_PATH=/home/user/Documents/bizon_navigation/install/turtlebot3:/home/user/Documents/bizon_navigation/install/turtlebot3_simulations:/home/user/Documents/bizon_navigation/install/turtlebot3_bringup:/home/user/Documents/bizon_navigation/install/turtlebot3_node:/home/user/Documents/bizon_navigation/install/turtlebot3_navigation2:/home/user/Documents/bizon_navigation/install/turtlebot3_fake_node:/home/user/Documents/bizon_navigation/install/turtlebot3_msgs:/home/user/Documents/bizon_navigation/install/turtlebot3_teleop:/home/user/Documents/bizon_navigation/install/turtlebot3_example:/opt/ros/humble:/home/user/Documents/bizon_navigation/install/turtlebot3_gazebo:/home/user/Documents/bizon_navigation/install/turtlebot3_description:/home/user/Documents/bizon_navigation/install/turtlebot3_cartographer:/home/user/Documents/bizon_navigation/install/faraday_parking /usr/bin/cmake --install /home/user/Documents/bizon_navigation/build/faraday_parking
