-- Install configuration: ""
-- Up-to-date: /home/user/Documents/bizon_navigation/install/faraday_parking/share/faraday_parking/launch
-- Up-to-date: /home/user/Documents/bizon_navigation/install/faraday_parking/share/faraday_parking/launch/load_empty_world.py
-- Up-to-date: /home/user/Documents/bizon_navigation/install/faraday_parking/share/faraday_parking/worlds
-- Up-to-date: /home/user/Documents/bizon_navigation/install/faraday_parking/share/faraday_parking/worlds/empty_world.world
-- Up-to-date: /home/user/Documents/bizon_navigation/install/faraday_parking/share/faraday_parking/worlds/competition_track.world
-- Up-to-date: /home/user/Documents/bizon_navigation/install/faraday_parking/share/faraday_parking/models
-- Up-to-date: /home/user/Documents/bizon_navigation/install/faraday_parking/share/faraday_parking/models/custom_ground_plane
-- Up-to-date: /home/user/Documents/bizon_navigation/install/faraday_parking/share/faraday_parking/models/custom_ground_plane/materials
-- Up-to-date: /home/user/Documents/bizon_navigation/install/faraday_parking/share/faraday_parking/models/custom_ground_plane/materials/scripts
-- Up-to-date: /home/user/Documents/bizon_navigation/install/faraday_parking/share/faraday_parking/models/custom_ground_plane/materials/scripts/parking.material
-- Up-to-date: /home/user/Documents/bizon_navigation/install/faraday_parking/share/faraday_parking/models/custom_ground_plane/materials/scripts/floor.material
-- Up-to-date: /home/user/Documents/bizon_navigation/install/faraday_parking/share/faraday_parking/models/custom_ground_plane/materials/textures
-- Up-to-date: /home/user/Documents/bizon_navigation/install/faraday_parking/share/faraday_parking/models/custom_ground_plane/materials/textures/floor.png
-- Up-to-date: /home/user/Documents/bizon_navigation/install/faraday_parking/share/faraday_parking/models/custom_ground_plane/materials/textures/parking.png
-- Up-to-date: /home/user/Documents/bizon_navigation/install/faraday_parking/share/faraday_parking/models/custom_ground_plane/materials/textures/copy of floor_svg.svg
-- Up-to-date: /home/user/Documents/bizon_navigation/install/faraday_parking/share/faraday_parking/models/custom_ground_plane/materials/textures/floor_svg.svg
-- Up-to-date: /home/user/Documents/bizon_navigation/install/faraday_parking/share/faraday_parking/models/custom_ground_plane/materials/textures/floor_resized.png
-- Up-to-date: /home/user/Documents/bizon_navigation/install/faraday_parking/share/faraday_parking/models/faraday_test
-- Up-to-date: /home/user/Documents/bizon_navigation/install/faraday_parking/share/faraday_parking/models/faraday_test/meshes
-- Up-to-date: /home/user/Documents/bizon_navigation/install/faraday_parking/share/faraday_parking/models/faraday_test/meshes/faraday_test.dae
-- Up-to-date: /home/user/Documents/bizon_navigation/install/faraday_parking/share/faraday_parking/models/faraday_test/model.sdf
-- Up-to-date: /home/user/Documents/bizon_navigation/install/faraday_parking/share/faraday_parking/models/faraday_test/materials
-- Up-to-date: /home/user/Documents/bizon_navigation/install/faraday_parking/share/faraday_parking/models/faraday_test/materials/scripts
-- Up-to-date: /home/user/Documents/bizon_navigation/install/faraday_parking/share/faraday_parking/models/faraday_test/materials/scripts/faraday_test.material
-- Up-to-date: /home/user/Documents/bizon_navigation/install/faraday_parking/share/faraday_parking/models/faraday_test/materials/textures
-- Up-to-date: /home/user/Documents/bizon_navigation/install/faraday_parking/share/faraday_parking/models/faraday_test/materials/textures/faraday_test.png
-- Up-to-date: /home/user/Documents/bizon_navigation/install/faraday_parking/share/faraday_parking/models/faraday_test/model.config
-- Up-to-date: /home/user/Documents/bizon_navigation/install/faraday_parking/share/faraday_parking/models/ground_plane_rc
-- Up-to-date: /home/user/Documents/bizon_navigation/install/faraday_parking/share/faraday_parking/models/ground_plane_rc/model.sdf
-- Up-to-date: /home/user/Documents/bizon_navigation/install/faraday_parking/share/faraday_parking/models/ground_plane_rc/materials
-- Up-to-date: /home/user/Documents/bizon_navigation/install/faraday_parking/share/faraday_parking/models/ground_plane_rc/materials/scripts
-- Up-to-date: /home/user/Documents/bizon_navigation/install/faraday_parking/share/faraday_parking/models/ground_plane_rc/materials/scripts/ground_plane_rc.material
-- Up-to-date: /home/user/Documents/bizon_navigation/install/faraday_parking/share/faraday_parking/models/ground_plane_rc/materials/textures
-- Up-to-date: /home/user/Documents/bizon_navigation/install/faraday_parking/share/faraday_parking/models/ground_plane_rc/materials/textures/ground_plane_rc.png
-- Up-to-date: /home/user/Documents/bizon_navigation/install/faraday_parking/share/faraday_parking/models/ground_plane_rc/model.config
-- Up-to-date: /home/user/Documents/bizon_navigation/install/faraday_parking/share/ament_index/resource_index/package_run_dependencies/faraday_parking
-- Up-to-date: /home/user/Documents/bizon_navigation/install/faraday_parking/share/ament_index/resource_index/parent_prefix_path/faraday_parking
-- Up-to-date: /home/user/Documents/bizon_navigation/install/faraday_parking/share/faraday_parking/environment/ament_prefix_path.sh
-- Up-to-date: /home/user/Documents/bizon_navigation/install/faraday_parking/share/faraday_parking/environment/ament_prefix_path.dsv
-- Up-to-date: /home/user/Documents/bizon_navigation/install/faraday_parking/share/faraday_parking/environment/path.sh
-- Up-to-date: /home/user/Documents/bizon_navigation/install/faraday_parking/share/faraday_parking/environment/path.dsv
-- Up-to-date: /home/user/Documents/bizon_navigation/install/faraday_parking/share/faraday_parking/local_setup.bash
-- Up-to-date: /home/user/Documents/bizon_navigation/install/faraday_parking/share/faraday_parking/local_setup.sh
-- Up-to-date: /home/user/Documents/bizon_navigation/install/faraday_parking/share/faraday_parking/local_setup.zsh
-- Up-to-date: /home/user/Documents/bizon_navigation/install/faraday_parking/share/faraday_parking/local_setup.dsv
-- Installing: /home/user/Documents/bizon_navigation/install/faraday_parking/share/faraday_parking/package.dsv
-- Up-to-date: /home/user/Documents/bizon_navigation/install/faraday_parking/share/ament_index/resource_index/packages/faraday_parking
-- Up-to-date: /home/user/Documents/bizon_navigation/install/faraday_parking/share/faraday_parking/cmake/faraday_parkingConfig.cmake
-- Up-to-date: /home/user/Documents/bizon_navigation/install/faraday_parking/share/faraday_parking/cmake/faraday_parkingConfig-version.cmake
-- Up-to-date: /home/user/Documents/bizon_navigation/install/faraday_parking/share/faraday_parking/package.xml
