[0.009s] Invoking command in '/home/user/Documents/bizon_navigation/build/faraday_parking': CMAKE_PREFIX_PATH=/opt/ros/humble /usr/bin/cmake /home/user/Documents/bizon_navigation/src/faraday_parking -DCMAKE_INSTALL_PREFIX=/home/user/Documents/bizon_navigation/install/faraday_parking
[0.066s] -- The C compiler identification is GNU 11.4.0
[0.113s] -- The CXX compiler identification is GNU 11.4.0
[0.119s] -- Detecting C compiler ABI info
[0.160s] -- Detecting C compiler ABI info - done
[0.164s] -- Check for working C compiler: /usr/bin/cc - skipped
[0.164s] -- Detecting C compile features
[0.165s] -- Detecting C compile features - done
[0.167s] -- Detecting CXX compiler ABI info
[0.213s] -- Detecting CXX compiler ABI info - done
[0.217s] -- Check for working CXX compiler: /usr/bin/c++ - skipped
[0.218s] -- Detecting CXX compile features
[0.218s] -- Detecting CXX compile features - done
[0.221s] -- Found ament_cmake: 1.3.5 (/opt/ros/humble/share/ament_cmake/cmake)
[0.308s] -- Found Python3: /usr/bin/python3.10 (found version "3.10.12") found components: Interpreter 
[0.379s] -- Found ament_lint_auto: 0.12.7 (/opt/ros/humble/share/ament_lint_auto/cmake)
[0.434s] -- Added test 'flake8' to check Python code syntax and style conventions
[0.435s] -- Added test 'lint_cmake' to check CMake code style
[0.435s] -- Added test 'pep257' to check Python code against some of the docstring style conventions in PEP 257
[0.437s] -- Added test 'xmllint' to check XML markup files
[0.437s] -- Configuring done
[0.439s] -- Generating done
[0.439s] -- Build files have been written to: /home/user/Documents/bizon_navigation/build/faraday_parking
[0.442s] Invoked command in '/home/user/Documents/bizon_navigation/build/faraday_parking' returned '0': CMAKE_PREFIX_PATH=/opt/ros/humble /usr/bin/cmake /home/user/Documents/bizon_navigation/src/faraday_parking -DCMAKE_INSTALL_PREFIX=/home/user/Documents/bizon_navigation/install/faraday_parking
[0.443s] Invoking command in '/home/user/Documents/bizon_navigation/build/faraday_parking': CMAKE_PREFIX_PATH=/opt/ros/humble /usr/bin/cmake --build /home/user/Documents/bizon_navigation/build/faraday_parking -- -j16 -l16
[0.464s] Invoked command in '/home/user/Documents/bizon_navigation/build/faraday_parking' returned '0': CMAKE_PREFIX_PATH=/opt/ros/humble /usr/bin/cmake --build /home/user/Documents/bizon_navigation/build/faraday_parking -- -j16 -l16
[0.481s] Invoking command in '/home/user/Documents/bizon_navigation/build/faraday_parking': CMAKE_PREFIX_PATH=/opt/ros/humble /usr/bin/cmake --install /home/user/Documents/bizon_navigation/build/faraday_parking
[0.485s] -- Install configuration: ""
[0.485s] -- Installing: /home/user/Documents/bizon_navigation/install/faraday_parking/share/faraday_parking/launch
[0.485s] -- Installing: /home/user/Documents/bizon_navigation/install/faraday_parking/share/faraday_parking/launch/load_empty_world.py
[0.485s] -- Installing: /home/user/Documents/bizon_navigation/install/faraday_parking/share/faraday_parking/worlds
[0.485s] -- Installing: /home/user/Documents/bizon_navigation/install/faraday_parking/share/faraday_parking/worlds/empty_world.world
[0.485s] -- Installing: /home/user/Documents/bizon_navigation/install/faraday_parking/share/faraday_parking/worlds/competition_track.world
[0.485s] -- Installing: /home/user/Documents/bizon_navigation/install/faraday_parking/share/faraday_parking/models
[0.485s] -- Installing: /home/user/Documents/bizon_navigation/install/faraday_parking/share/faraday_parking/models/custom_ground_plane
[0.485s] -- Installing: /home/user/Documents/bizon_navigation/install/faraday_parking/share/faraday_parking/models/custom_ground_plane/materials
[0.485s] -- Installing: /home/user/Documents/bizon_navigation/install/faraday_parking/share/faraday_parking/models/custom_ground_plane/materials/scripts
[0.485s] -- Installing: /home/user/Documents/bizon_navigation/install/faraday_parking/share/faraday_parking/models/custom_ground_plane/materials/scripts/parking.material
[0.485s] -- Installing: /home/user/Documents/bizon_navigation/install/faraday_parking/share/faraday_parking/models/custom_ground_plane/materials/scripts/floor.material
[0.485s] -- Installing: /home/user/Documents/bizon_navigation/install/faraday_parking/share/faraday_parking/models/custom_ground_plane/materials/textures
[0.485s] -- Installing: /home/user/Documents/bizon_navigation/install/faraday_parking/share/faraday_parking/models/custom_ground_plane/materials/textures/floor.png
[0.486s] -- Installing: /home/user/Documents/bizon_navigation/install/faraday_parking/share/faraday_parking/models/custom_ground_plane/materials/textures/parking.png
[0.486s] -- Installing: /home/user/Documents/bizon_navigation/install/faraday_parking/share/faraday_parking/models/custom_ground_plane/materials/textures/copy of floor_svg.svg
[0.486s] -- Installing: /home/user/Documents/bizon_navigation/install/faraday_parking/share/faraday_parking/models/custom_ground_plane/materials/textures/floor_svg.svg
[0.486s] -- Installing: /home/user/Documents/bizon_navigation/install/faraday_parking/share/faraday_parking/models/custom_ground_plane/materials/textures/floor_resized.png
[0.486s] -- Installing: /home/user/Documents/bizon_navigation/install/faraday_parking/share/faraday_parking/models/faraday_test
[0.486s] -- Installing: /home/user/Documents/bizon_navigation/install/faraday_parking/share/faraday_parking/models/faraday_test/meshes
[0.486s] -- Installing: /home/user/Documents/bizon_navigation/install/faraday_parking/share/faraday_parking/models/faraday_test/meshes/faraday_test.dae
[0.486s] -- Installing: /home/user/Documents/bizon_navigation/install/faraday_parking/share/faraday_parking/models/faraday_test/model.sdf
[0.486s] -- Installing: /home/user/Documents/bizon_navigation/install/faraday_parking/share/faraday_parking/models/faraday_test/materials
[0.486s] -- Installing: /home/user/Documents/bizon_navigation/install/faraday_parking/share/faraday_parking/models/faraday_test/materials/scripts
[0.486s] -- Installing: /home/user/Documents/bizon_navigation/install/faraday_parking/share/faraday_parking/models/faraday_test/materials/scripts/faraday_test.material
[0.487s] -- Installing: /home/user/Documents/bizon_navigation/install/faraday_parking/share/faraday_parking/models/faraday_test/materials/textures
[0.487s] -- Installing: /home/user/Documents/bizon_navigation/install/faraday_parking/share/faraday_parking/models/faraday_test/materials/textures/faraday_test.png
[0.487s] -- Installing: /home/user/Documents/bizon_navigation/install/faraday_parking/share/faraday_parking/models/faraday_test/model.config
[0.487s] -- Installing: /home/user/Documents/bizon_navigation/install/faraday_parking/share/faraday_parking/models/ground_plane_rc
[0.487s] -- Installing: /home/user/Documents/bizon_navigation/install/faraday_parking/share/faraday_parking/models/ground_plane_rc/model.sdf
[0.487s] -- Installing: /home/user/Documents/bizon_navigation/install/faraday_parking/share/faraday_parking/models/ground_plane_rc/materials
[0.487s] -- Installing: /home/user/Documents/bizon_navigation/install/faraday_parking/share/faraday_parking/models/ground_plane_rc/materials/scripts
[0.487s] -- Installing: /home/user/Documents/bizon_navigation/install/faraday_parking/share/faraday_parking/models/ground_plane_rc/materials/scripts/ground_plane_rc.material
[0.487s] -- Installing: /home/user/Documents/bizon_navigation/install/faraday_parking/share/faraday_parking/models/ground_plane_rc/materials/textures
[0.487s] -- Installing: /home/user/Documents/bizon_navigation/install/faraday_parking/share/faraday_parking/models/ground_plane_rc/materials/textures/ground_plane_rc.png
[0.487s] -- Installing: /home/user/Documents/bizon_navigation/install/faraday_parking/share/faraday_parking/models/ground_plane_rc/model.config
[0.488s] -- Installing: /home/user/Documents/bizon_navigation/install/faraday_parking/share/ament_index/resource_index/package_run_dependencies/faraday_parking
[0.488s] -- Installing: /home/user/Documents/bizon_navigation/install/faraday_parking/share/ament_index/resource_index/parent_prefix_path/faraday_parking
[0.488s] -- Installing: /home/user/Documents/bizon_navigation/install/faraday_parking/share/faraday_parking/environment/ament_prefix_path.sh
[0.488s] -- Installing: /home/user/Documents/bizon_navigation/install/faraday_parking/share/faraday_parking/environment/ament_prefix_path.dsv
[0.488s] -- Installing: /home/user/Documents/bizon_navigation/install/faraday_parking/share/faraday_parking/environment/path.sh
[0.488s] -- Installing: /home/user/Documents/bizon_navigation/install/faraday_parking/share/faraday_parking/environment/path.dsv
[0.488s] -- Installing: /home/user/Documents/bizon_navigation/install/faraday_parking/share/faraday_parking/local_setup.bash
[0.488s] -- Installing: /home/user/Documents/bizon_navigation/install/faraday_parking/share/faraday_parking/local_setup.sh
[0.488s] -- Installing: /home/user/Documents/bizon_navigation/install/faraday_parking/share/faraday_parking/local_setup.zsh
[0.488s] -- Installing: /home/user/Documents/bizon_navigation/install/faraday_parking/share/faraday_parking/local_setup.dsv
[0.488s] -- Installing: /home/user/Documents/bizon_navigation/install/faraday_parking/share/faraday_parking/package.dsv
[0.488s] -- Installing: /home/user/Documents/bizon_navigation/install/faraday_parking/share/ament_index/resource_index/packages/faraday_parking
[0.488s] -- Installing: /home/user/Documents/bizon_navigation/install/faraday_parking/share/faraday_parking/cmake/faraday_parkingConfig.cmake
[0.488s] -- Installing: /home/user/Documents/bizon_navigation/install/faraday_parking/share/faraday_parking/cmake/faraday_parkingConfig-version.cmake
[0.488s] -- Installing: /home/user/Documents/bizon_navigation/install/faraday_parking/share/faraday_parking/package.xml
[0.490s] Invoked command in '/home/user/Documents/bizon_navigation/build/faraday_parking' returned '0': CMAKE_PREFIX_PATH=/opt/ros/humble /usr/bin/cmake --install /home/user/Documents/bizon_navigation/build/faraday_parking
